[debug] [2026-03-04T15:21:17.813Z] ----------------------------------------------------------------------
[debug] [2026-03-04T15:21:17.817Z] Command:       C:\Program Files\nodejs\node.exe C:\Users\Admin\AppData\Roaming\npm\node_modules\firebase-tools\lib\bin\firebase.js projects:list
[debug] [2026-03-04T15:21:17.818Z] CLI Version:   15.8.0
[debug] [2026-03-04T15:21:17.818Z] Platform:      win32
[debug] [2026-03-04T15:21:17.818Z] Node Version:  v22.19.0
[debug] [2026-03-04T15:21:17.819Z] Time:          Wed Mar 04 2026 20:51:17 GMT+0530 (India Standard Time)
[debug] [2026-03-04T15:21:17.819Z] ----------------------------------------------------------------------
[debug] 
[debug] [2026-03-04T15:21:17.829Z] > command requires scopes: ["email","openid","https://www.googleapis.com/auth/cloudplatformprojects.readonly","https://www.googleapis.com/auth/firebase","https://www.googleapis.com/auth/cloud-platform"]
[debug] [2026-03-04T15:21:17.829Z] > authorizing via signed-in user (agilessshobika@gmail.com)
[debug] [2026-03-04T15:21:17.835Z] Checked if tokens are valid: true, expires at: 1772641189588
[debug] [2026-03-04T15:21:17.835Z] Checked if tokens are valid: true, expires at: 1772641189588
[debug] [2026-03-04T15:21:17.837Z] >>> [apiv2][query] GET https://firebase.googleapis.com/v1beta1/projects pageSize=1000
[debug] [2026-03-04T15:21:18.615Z] <<< [apiv2][status] GET https://firebase.googleapis.com/v1beta1/projects 200
[debug] [2026-03-04T15:21:18.616Z] <<< [apiv2][body] GET https://firebase.googleapis.com/v1beta1/projects [omitted]
[info] ┌──────────────────────┬────────────────────────────┬────────────────┬──────────────────────┐
│ Project Display Name │ Project ID                 │ Project Number │ Resource Location ID │
├──────────────────────┼────────────────────────────┼────────────────┼──────────────────────┤
│ Cloud Computing test │ cloud-computing-test-d784e │ 895466656252   │ [Not specified]      │
├──────────────────────┼────────────────────────────┼────────────────┼──────────────────────┤
│ CRM Excelbees        │ crm-excelbees              │ 801073487262   │ [Not specified]      │
├──────────────────────┼────────────────────────────┼────────────────┼──────────────────────┤
│ Excelbees-Project    │ gen-lang-client-0518852725 │ 338241825862   │ [Not specified]      │
└──────────────────────┴────────────────────────────┴────────────────┴──────────────────────┘
[info] 
[info] 3 project(s) total.
[debug] [2026-03-04T15:21:23.778Z] Error: Timed out.
    at Timeout._onTimeout (C:\Users\Admin\AppData\Roaming\npm\node_modules\firebase-tools\lib\utils.js:308:49)
    at listOnTimeout (node:internal/timers:588:17)
    at process.processTimers (node:internal/timers:523:7)
[error] 
[error] Error: An unexpected error has occurred.
